<?xml version="1.0" encoding="UTF-8"?>
<!-- Generated by org.testng.reporters.JUnitXMLReporter -->
<testsuite ignored="0" hostname="Krupal_Chavda" failures="0" tests="3" name="Open Account Test" time="65.919" errors="0" timestamp="15 Apr 2025 04:49:51 GMT">
  <testcase classname="testcases.OpenAccountTest" name="openAccountTest" time="11.303"/>
  <testcase classname="testcases.OpenAccountTest" name="openAccountTest" time="0.074">
    <skipped/>
  </testcase> <!-- openAccountTest -->
  <testcase classname="testcases.OpenAccountTest" name="openAccountTest" time="52.934"/>
</testsuite> <!-- Open Account Test -->
