<?xml version="1.0" encoding="UTF-8"?>
<!-- Generated by org.testng.reporters.JUnitXMLReporter -->
<testsuite ignored="0" hostname="Krupal_Chavda" failures="0" tests="4" name="Find New Car Test" time="9.005" errors="0" timestamp="2025-04-19T12:04:18 IST">
  <testcase classname="testcases.FindNewCarTest" name="findNewCarTest" time="8.095"/>
  <testcase classname="testcases.FindNewCarTest" name="findNewCarTest" time="0.055">
    <skipped/>
  </testcase> <!-- findNewCarTest -->
  <testcase classname="testcases.FindNewCarTest" name="findNewCarTest" time="0.044">
    <skipped/>
  </testcase> <!-- findNewCarTest -->
  <testcase classname="testcases.FindNewCarTest" name="findNewCarTest" time="0.041">
    <skipped/>
  </testcase> <!-- findNewCarTest -->
</testsuite> <!-- Find New Car Test -->
