<?xml version="1.0" encoding="UTF-8"?>
<!-- Generated by org.testng.reporters.JUnitXMLReporter -->
<testsuite ignored="0" hostname="Krupal_Chavda" failures="0" tests="4" name="New Cars Name And Price" time="44.597" errors="0" timestamp="2025-04-19T12:05:03 IST">
  <testcase classname="testcases.NewCarsNameAndPrice" name="newCarsNameAndPrice" time="7.431"/>
  <testcase classname="testcases.NewCarsNameAndPrice" name="newCarsNameAndPrice" time="6.855"/>
  <testcase classname="testcases.NewCarsNameAndPrice" name="newCarsNameAndPrice" time="12.97"/>
  <testcase classname="testcases.NewCarsNameAndPrice" name="newCarsNameAndPrice" time="14.813"/>
</testsuite> <!-- New Cars Name And Price -->
