<?xml version="1.0" encoding="UTF-8"?>
<!-- Generated by org.testng.reporters.JUnitXMLReporter -->
<testsuite ignored="0" hostname="Krupal_Chavda" failures="0" tests="3" name="Add Customer Test" time="33.493" errors="0" timestamp="15 Apr 2025 04:58:42 GMT">
  <testcase classname="testcases.AddCustomerTest" name="addCustomerTest" time="18.957"/>
  <testcase classname="testcases.AddCustomerTest" name="addCustomerTest" time="0.104">
    <skipped/>
  </testcase> <!-- addCustomerTest -->
  <testcase classname="testcases.AddCustomerTest" name="addCustomerTest" time="11.647"/>
</testsuite> <!-- Add Customer Test -->
