<?xml version="1.0" encoding="UTF-8"?>
<!-- Generated by org.testng.reporters.JUnitXMLReporter -->
<testsuite ignored="0" hostname="Krupal_Chavda" failures="0" tests="3" name="Add Customer Test" time="21.146" errors="0" timestamp="15 Apr 2025 16:33:26 GMT">
  <testcase classname="testcases.AddCustomerTest" name="addCustomerTest" time="10.256"/>
  <testcase classname="testcases.AddCustomerTest" name="addCustomerTest" time="0.079">
    <skipped/>
  </testcase> <!-- addCustomerTest -->
  <testcase classname="testcases.AddCustomerTest" name="addCustomerTest" time="9.054"/>
</testsuite> <!-- Add Customer Test -->
