<?xml version="1.0" encoding="UTF-8"?>
<!-- Generated by org.testng.reporters.JUnitXMLReporter -->
<testsuite ignored="0" hostname="Krupal_Chavda" failures="0" tests="3" name="Open Account Test" time="17.392" errors="0" timestamp="15 Apr 2025 16:33:44 GMT">
  <testcase classname="testcases.OpenAccountTest" name="openAccountTest" time="7.414"/>
  <testcase classname="testcases.OpenAccountTest" name="openAccountTest" time="0.056">
    <skipped/>
  </testcase> <!-- openAccountTest -->
  <testcase classname="testcases.OpenAccountTest" name="openAccountTest" time="8.573"/>
</testsuite> <!-- Open Account Test -->
