<?xml version="1.0" encoding="UTF-8"?>
<!-- Generated by org.testng.reporters.JUnitXMLReporter -->
<testsuite ignored="0" hostname="Krupal_Chavda" failures="0" tests="3" name="Open Account Test" time="18.388" errors="0" timestamp="15 Apr 2025 04:59:01 GMT">
  <testcase classname="testcases.OpenAccountTest" name="openAccountTest" time="6.709"/>
  <testcase classname="testcases.OpenAccountTest" name="openAccountTest" time="0.06">
    <skipped/>
  </testcase> <!-- openAccountTest -->
  <testcase classname="testcases.OpenAccountTest" name="openAccountTest" time="9.704"/>
</testsuite> <!-- Open Account Test -->
