<?xml version="1.0" encoding="UTF-8"?>
<!-- Generated by org.testng.reporters.JUnitXMLReporter -->
<testsuite ignored="0" hostname="Krupal_Chavda" failures="0" tests="8" name="Add new Users" time="13.658" errors="0" timestamp="2025-04-19T19:40:51 IST">
  <testcase classname="testcases.NewUserSignup" name="newUserSignup" time="11.808"/>
  <testcase classname="testcases.NewUserSignup" name="newUserSignup" time="0.156">
    <skipped/>
  </testcase> <!-- newUserSignup -->
  <testcase classname="testcases.NewUserSignup" name="newUserSignup" time="0.115">
    <skipped/>
  </testcase> <!-- newUserSignup -->
  <testcase classname="testcases.NewUserSignup" name="newUserSignup" time="0.114">
    <skipped/>
  </testcase> <!-- newUserSignup -->
  <testcase classname="testcases.NewUserSignup" name="newUserSignup" time="0.093">
    <skipped/>
  </testcase> <!-- newUserSignup -->
  <testcase classname="testcases.NewUserSignup" name="newUserSignup" time="0.113">
    <skipped/>
  </testcase> <!-- newUserSignup -->
  <testcase classname="testcases.NewUserSignup" name="newUserSignup" time="0.108">
    <skipped/>
  </testcase> <!-- newUserSignup -->
  <testcase classname="testcases.NewUserSignup" name="newUserSignup" time="0.096">
    <skipped/>
  </testcase> <!-- newUserSignup -->
</testsuite> <!-- Add new Users -->
