<?xml version="1.0" encoding="UTF-8"?>
<!-- Generated by org.testng.reporters.JUnitXMLReporter -->
<testsuite ignored="2" hostname="Krupal_Chavda" failures="1" tests="2" name="Test" time="23.89" errors="0" timestamp="2025-04-19T18:17:49 IST">
  <testcase classname="testcases.Login" name="login" time="9.782"/>
  <testcase classname="testcases.Login" name="login" time="12.576">
    <failure type="java.lang.AssertionError" message="Error {
  message=&amp;apos;Timeout 2000ms exceeded.
=========================== logs ===========================
waiting for selector &amp;quot;//a[normalize-space()=&amp;apos;Logout&amp;apos;]&amp;quot; to be visible
============================================================
  name=&amp;apos;TimeoutError
  stack=&amp;apos;TimeoutError: Timeout 2000ms exceeded.
=========================== logs ===========================
waiting for selector &amp;quot;//a[normalize-space()=&amp;apos;Logout&amp;apos;]&amp;quot; to be visible
============================================================
    at ProgressController.run (C:\Users\krupa\AppData\Local\Temp\playwright-java-3901323632440340347\package\lib\server\progress.js:96:26)
    at Frame.waitForSelector (C:\Users\krupa\AppData\Local\Temp\playwright-java-3901323632440340347\package\lib\server\frames.js:843:23)
    at FrameDispatcher.waitForSelector (C:\Users\krupa\AppData\Local\Temp\playwright-java-3901323632440340347\package\lib\server\dispatchers\frameDispatcher.js:111:110)
    at DispatcherConnection.dispatch (C:\Users\krupa\AppData\Local\Temp\playwright-java-3901323632440340347\package\lib\server\dispatchers\dispatcher.js:397:46)
}">
      <![CDATA[java.lang.AssertionError: Error {
  message='Timeout 2000ms exceeded.
=========================== logs ===========================
waiting for selector "//a[normalize-space()='Logout']" to be visible
============================================================
  name='TimeoutError
  stack='TimeoutError: Timeout 2000ms exceeded.
=========================== logs ===========================
waiting for selector "//a[normalize-space()='Logout']" to be visible
============================================================
    at ProgressController.run (C:\Users\krupa\AppData\Local\Temp\playwright-java-3901323632440340347\package\lib\server\progress.js:96:26)
    at Frame.waitForSelector (C:\Users\krupa\AppData\Local\Temp\playwright-java-3901323632440340347\package\lib\server\frames.js:843:23)
    at FrameDispatcher.waitForSelector (C:\Users\krupa\AppData\Local\Temp\playwright-java-3901323632440340347\package\lib\server\dispatchers\frameDispatcher.js:111:110)
    at DispatcherConnection.dispatch (C:\Users\krupa\AppData\Local\Temp\playwright-java-3901323632440340347\package\lib\server\dispatchers\dispatcher.js:397:46)
}
at base.BaseTest.isElementPresent(BaseTest.java:127)
at testcases.Login.login(Login.java:32)
at java.base/java.util.ArrayList.forEach(ArrayList.java:1596)
... Removed 26 stack frames]]>
    </failure>
  </testcase> <!-- login -->
  <testcase classname="base.BaseTest" name="@BeforeSuite setUp" time="0.0">
    <ignored/>
  </testcase> <!-- @BeforeSuite setUp -->
  <testcase classname="base.BaseTest" name="@AfterSuite quitPlaywright" time="0.0">
    <ignored/>
  </testcase> <!-- @AfterSuite quitPlaywright -->
</testsuite> <!-- Test -->
