<?xml version="1.0" encoding="UTF-8"?>
<!-- Generated by org.testng.reporters.JUnitXMLReporter -->
<testsuite ignored="0" hostname="Krupal_Chavda" failures="1" tests="2" name="Test" time="21.12" errors="0" timestamp="2025-04-24T23:17:55 IST">
  <testcase classname="testcases.LoginTest" name="loginTest" time="7.897"/>
  <testcase classname="testcases.LoginTest" name="loginTest" time="12.02">
    <failure type="java.lang.AssertionError" message="Login failed">
      <![CDATA[java.lang.AssertionError: Login failed
at pages.SignInUpPage.doLogin(SignInUpPage.java:25)
at testcases.LoginTest.loginTest(LoginTest.java:32)
at java.base/java.util.ArrayList.forEach(ArrayList.java:1596)
... Removed 26 stack frames]]>
    </failure>
  </testcase> <!-- loginTest -->
</testsuite> <!-- Test -->
