<?xml version="1.0" encoding="UTF-8"?>
<!-- Generated by org.testng.reporters.JUnitXMLReporter -->
<testsuite ignored="0" hostname="Krupal_Chavda" failures="0" tests="8" name="User Signup Test" time="11.794" errors="0" timestamp="2025-04-24T23:18:07 IST">
  <testcase classname="testcases.UserSignupTest" name="userSignupTest" time="11.156"/>
  <testcase classname="testcases.UserSignupTest" name="userSignupTest" time="0.032">
    <skipped/>
  </testcase> <!-- userSignupTest -->
  <testcase classname="testcases.UserSignupTest" name="userSignupTest" time="0.028">
    <skipped/>
  </testcase> <!-- userSignupTest -->
  <testcase classname="testcases.UserSignupTest" name="userSignupTest" time="0.03">
    <skipped/>
  </testcase> <!-- userSignupTest -->
  <testcase classname="testcases.UserSignupTest" name="userSignupTest" time="0.027">
    <skipped/>
  </testcase> <!-- userSignupTest -->
  <testcase classname="testcases.UserSignupTest" name="userSignupTest" time="0.028">
    <skipped/>
  </testcase> <!-- userSignupTest -->
  <testcase classname="testcases.UserSignupTest" name="userSignupTest" time="0.025">
    <skipped/>
  </testcase> <!-- userSignupTest -->
  <testcase classname="testcases.UserSignupTest" name="userSignupTest" time="0.023">
    <skipped/>
  </testcase> <!-- userSignupTest -->
</testsuite> <!-- User Signup Test -->
