<?xml version="1.0" encoding="UTF-8"?>
<testsuite name="TestSuite" time="14.969" tests="6" errors="0" skipped="2" failures="0">
  <properties>
[...]
</properties>
  <testcase name="addCustomerTest" classname="testcases.AddCustomerTest" time="8.494"/>
  <testcase name="addCustomerTest" classname="testcases.AddCustomerTest" time="0">
    <skipped/>
  </testcase>
  <testcase name="addCustomerTest" classname="testcases.AddCustomerTest" time="9.138"/>
  <testcase name="openAccountTest" classname="testcases.OpenAccountTest" time="6.475"/>
  <testcase name="openAccountTest" classname="testcases.OpenAccountTest" time="0">
    <skipped/>
  </testcase>
  <testcase name="openAccountTest" classname="testcases.OpenAccountTest" time="9.047"/>
</testsuite>