<?xml version="1.0" encoding="UTF-8"?>
<testsuite name="TestSuite" time="25.671" tests="6" errors="0" skipped="2" failures="0">
  <properties>
[...]
</properties>
  <testcase name="addCustomerTest" classname="testcases.AddCustomerTest" time="18.963"/>
  <testcase name="addCustomerTest" classname="testcases.AddCustomerTest" time="0">
    <skipped/>
  </testcase>
  <testcase name="addCustomerTest" classname="testcases.AddCustomerTest" time="11.648"/>
  <testcase name="openAccountTest" classname="testcases.OpenAccountTest" time="6.708"/>
  <testcase name="openAccountTest" classname="testcases.OpenAccountTest" time="0">
    <skipped/>
  </testcase>
  <testcase name="openAccountTest" classname="testcases.OpenAccountTest" time="9.704"/>
</testsuite>