<?xml version="1.0" encoding="UTF-8"?>
<testng-results ignored="0" total="2" passed="2" failed="0" skipped="0">
  <reporter-output>
  </reporter-output>
  <suite started-at="2025-04-18T14:43:23Z" name="Data Driven Framework" finished-at="2025-04-18T14:43:36Z" duration-ms="13138">
    <groups>
    </groups>
    <test started-at="2025-04-18T14:43:23Z" name="Login Test" finished-at="2025-04-18T14:43:36Z" duration-ms="13138">
      <class name="rough.LoginTest">
        <test-method is-config="true" signature="setUp()[pri:0, instance:rough.LoginTest@712625fd]" started-at="2025-04-18T14:43:23Z" name="setUp" finished-at="2025-04-18T14:43:23Z" duration-ms="31" status="PASS">
          <reporter-output>
          </reporter-output>
        </test-method> <!-- setUp -->
        <test-method signature="dologin()[pri:0, instance:rough.LoginTest@712625fd]" started-at="2025-04-18T14:43:23Z" name="dologin" finished-at="2025-04-18T14:43:28Z" duration-ms="5088" status="PASS">
          <reporter-output>
          </reporter-output>
        </test-method> <!-- dologin -->
        <test-method is-config="true" signature="quite()[pri:0, instance:rough.LoginTest@712625fd]" started-at="2025-04-18T14:43:28Z" name="quite" finished-at="2025-04-18T14:43:28Z" duration-ms="191" status="PASS">
          <reporter-output>
          </reporter-output>
        </test-method> <!-- quite -->
        <test-method signature="goToGmail()[pri:0, instance:rough.LoginTest@712625fd]" started-at="2025-04-18T14:43:28Z" name="goToGmail" finished-at="2025-04-18T14:43:35Z" duration-ms="6504" status="PASS">
          <reporter-output>
          </reporter-output>
        </test-method> <!-- goToGmail -->
        <test-method is-config="true" signature="quite()[pri:0, instance:rough.LoginTest@712625fd]" started-at="2025-04-18T14:43:35Z" name="quite" finished-at="2025-04-18T14:43:36Z" duration-ms="1337" status="PASS">
          <reporter-output>
          </reporter-output>
        </test-method> <!-- quite -->
        <test-method is-config="true" signature="quitPlaywright()[pri:0, instance:rough.LoginTest@712625fd]" started-at="2025-04-18T14:43:36Z" name="quitPlaywright" finished-at="2025-04-18T14:43:36Z" duration-ms="28" status="PASS">
          <reporter-output>
          </reporter-output>
        </test-method> <!-- quitPlaywright -->
      </class> <!-- rough.LoginTest -->
    </test> <!-- Login Test -->
  </suite> <!-- Data Driven Framework -->
</testng-results>
